TN:
SF:lib/core/di/injection_container.dart
FNF:0
FNH:0
DA:6,3
DA:8,0
DA:9,0
DA:10,0
LF:4
LH:1
end_of_record
TN:
SF:lib/core/environments/config_environment.dart
FNF:0
FNH:0
DA:15,0
DA:18,0
DA:20,0
DA:23,0
DA:25,0
DA:27,0
DA:34,0
DA:35,0
LF:8
LH:0
end_of_record
TN:
SF:lib/core/error/exceptions.dart
FNF:0
FNH:0
DA:6,3
DA:11,6
DA:12,0
DA:14,3
DA:18,1
DA:20,1
DA:21,1
DA:30,3
DA:31,9
DA:34,0
DA:35,0
DA:40,3
LF:12
LH:9
end_of_record
TN:
SF:lib/core/http/data/config/remote_api_constants.dart
FNF:0
FNH:0
DA:4,0
LF:1
LH:0
end_of_record
TN:
SF:lib/core/http/data/data_source/authentication_remote_data_source.dart
FNF:0
FNH:0
DA:9,0
DA:16,0
DA:17,0
DA:18,0
DA:21,0
DA:23,0
DA:24,0
DA:25,0
DA:32,0
DA:34,0
DA:36,0
LF:11
LH:0
end_of_record
TN:
SF:lib/core/http/data/http_proxy_impl.dart
FNF:0
FNH:0
DA:8,0
DA:9,0
DA:10,0
DA:11,0
DA:12,0
DA:15,0
DA:16,0
DA:17,0
DA:18,0
DA:25,0
DA:26,0
LF:11
LH:0
end_of_record
TN:
SF:lib/core/http/data/interceptors/custom_on_error.dart
FNF:0
FNH:0
DA:8,0
DA:9,0
DA:10,0
DA:12,0
DA:19,0
DA:20,0
DA:22,0
DA:26,0
DA:27,0
DA:28,0
DA:29,0
DA:31,0
DA:35,0
DA:36,0
DA:37,0
DA:39,0
DA:43,0
DA:44,0
DA:46,0
DA:48,0
DA:49,0
DA:51,0
DA:53,0
DA:54,0
DA:56,0
DA:63,0
DA:67,0
LF:27
LH:0
end_of_record
TN:
SF:lib/core/http/data/interceptors/custom_on_request.dart
FNF:0
FNH:0
DA:7,0
DA:11,0
DA:13,0
DA:15,0
DA:18,0
DA:22,0
DA:23,0
DA:27,0
DA:30,0
DA:31,0
DA:38,0
DA:39,0
DA:40,0
DA:41,0
LF:14
LH:0
end_of_record
TN:
SF:lib/core/http/data/interceptors/http_interceptor.dart
FNF:0
FNH:0
DA:11,0
DA:16,0
DA:20,0
DA:22,0
DA:24,0
DA:28,0
DA:32,0
DA:33,0
DA:37,0
DA:41,0
DA:42,0
LF:11
LH:0
end_of_record
TN:
SF:lib/core/http/data/models/auth_token_response_model.dart
FNF:0
FNH:0
DA:4,0
DA:6,0
DA:8,0
DA:9,0
DA:10,0
LF:5
LH:0
end_of_record
TN:
SF:lib/core/http/data/models/generic_http_error.dart
FNF:0
FNH:0
DA:2,0
LF:1
LH:0
end_of_record
TN:
SF:lib/core/http/data/repositories/authentication_repository.dart
FNF:0
FNH:0
DA:9,0
DA:14,0
DA:16,0
DA:17,0
DA:18,0
DA:20,0
LF:6
LH:0
end_of_record
TN:
SF:lib/core/http/di/http_dependencies.dart
FNF:0
FNH:0
DA:9,0
DA:10,0
DA:11,0
DA:14,0
DA:15,0
DA:18,0
DA:19,0
DA:20,0
DA:21,0
LF:9
LH:0
end_of_record
TN:
SF:lib/core/http/domain/models/auth_token_response.dart
FNF:0
FNH:0
DA:2,0
LF:1
LH:0
end_of_record
TN:
SF:lib/core/http/domain/models/path_uri.dart
FNF:0
FNH:0
DA:2,1
DA:9,1
DA:10,1
LF:3
LH:3
end_of_record
TN:
SF:lib/feature/home/data/data_sources/home_remote_data_source.dart
FNF:0
FNH:0
DA:6,1
DA:11,1
DA:12,2
DA:14,3
DA:16,2
DA:18,2
LF:6
LH:6
end_of_record
TN:
SF:lib/feature/home/data/models/country_response_model.dart
FNF:0
FNH:0
DA:3,2
DA:6,2
DA:8,6
DA:12,3
DA:16,2
DA:22,2
DA:23,2
DA:24,2
DA:25,2
DA:26,2
LF:10
LH:10
end_of_record
TN:
SF:lib/feature/home/data/repositories/home_repository.dart
FNF:0
FNH:0
DA:9,1
DA:14,1
DA:16,3
DA:17,1
DA:18,1
DA:20,1
LF:6
LH:6
end_of_record
TN:
SF:lib/feature/home/di/home_di.dart
FNF:0
FNH:0
DA:9,0
DA:10,0
DA:11,0
DA:14,0
DA:15,0
DA:18,0
DA:19,0
DA:22,0
DA:26,0
DA:27,0
LF:10
LH:0
end_of_record
TN:
SF:lib/feature/home/domain/entities/country.dart
FNF:0
FNH:0
DA:4,9
DA:14,1
DA:15,1
DA:16,1
DA:17,1
DA:18,1
LF:6
LH:6
end_of_record
TN:
SF:lib/feature/home/domain/use_cases/get_countries_use_case.dart
FNF:0
FNH:0
DA:7,2
DA:12,2
DA:14,4
DA:15,2
DA:16,4
LF:5
LH:5
end_of_record
TN:
SF:lib/feature/home/domain/use_cases/open_map_use_case.dart
FNF:0
FNH:0
DA:8,0
DA:10,0
DA:12,0
LF:3
LH:0
end_of_record
TN:
SF:lib/feature/home/presentation/manager/home_bloc.dart
FNF:0
FNH:0
DA:20,1
DA:21,1
DA:22,2
DA:23,2
DA:27,1
DA:31,1
DA:34,4
DA:36,2
DA:37,1
DA:39,3
DA:41,1
DA:42,3
DA:43,1
DA:44,2
DA:48,1
DA:49,1
DA:50,1
DA:54,2
DA:56,1
DA:57,1
DA:58,1
DA:59,3
DA:60,3
DA:61,3
DA:63,1
DA:66,1
DA:68,3
DA:69,1
DA:71,1
DA:72,1
LF:30
LH:30
end_of_record
TN:
SF:lib/feature/home/presentation/pages/home_screen.dart
FNF:0
FNH:0
DA:10,1
DA:12,1
DA:14,1
DA:15,3
DA:16,2
DA:21,6
DA:23,1
DA:24,1
DA:28,1
DA:30,4
DA:31,1
DA:34,1
DA:35,3
DA:38,1
DA:40,1
DA:41,1
DA:42,1
DA:43,1
DA:44,1
DA:45,2
DA:52,1
DA:53,2
DA:54,2
LF:23
LH:23
end_of_record
TN:
SF:lib/feature/home/presentation/widgets/countries_empty.dart
FNF:0
FNH:0
DA:4,10
DA:6,1
DA:8,1
DA:10,1
DA:12,1
DA:13,1
DA:15,1
DA:16,1
DA:18,2
LF:9
LH:9
end_of_record
TN:
SF:lib/feature/home/presentation/widgets/countries_error.dart
FNF:0
FNH:0
DA:5,3
DA:9,2
DA:11,2
DA:13,2
DA:14,2
DA:16,2
DA:21,2
DA:22,2
DA:23,4
LF:9
LH:9
end_of_record
TN:
SF:lib/feature/home/presentation/widgets/countries_loading.dart
FNF:0
FNH:0
DA:4,5
DA:6,1
DA:8,1
DA:10,1
DA:11,1
DA:13,1
DA:14,1
DA:16,2
LF:8
LH:8
end_of_record
TN:
SF:lib/feature/home/presentation/widgets/countries_populated.dart
FNF:0
FNH:0
DA:9,3
DA:12,2
DA:16,2
DA:18,2
DA:20,2
DA:21,2
DA:22,2
DA:24,2
DA:27,4
DA:28,2
DA:29,2
DA:30,4
DA:31,2
DA:32,2
LF:14
LH:14
end_of_record
TN:
SF:lib/feature/home/presentation/widgets/countries_search_input.dart
FNF:0
FNH:0
DA:8,5
DA:10,2
DA:12,2
DA:13,0
DA:14,0
DA:16,0
DA:18,2
DA:22,2
LF:8
LH:5
end_of_record
TN:
SF:lib/feature/home/presentation/widgets/country_item.dart
FNF:0
FNH:0
DA:8,5
DA:12,3
DA:14,3
DA:16,3
DA:18,3
DA:19,1
DA:20,5
DA:22,3
DA:24,3
DA:25,3
DA:26,3
DA:27,6
DA:35,3
DA:37,3
DA:38,3
DA:39,3
DA:40,12
DA:42,3
DA:43,6
DA:44,6
DA:47,3
DA:48,6
DA:49,6
LF:23
LH:23
end_of_record
TN:
SF:lib/feature/home/presentation/widgets/delegates/countries_search_delegate.dart
FNF:0
FNH:0
DA:10,0
DA:14,0
DA:17,0
DA:19,0
DA:20,0
DA:22,0
DA:23,0
DA:29,0
DA:31,0
DA:33,0
DA:34,0
DA:39,0
DA:41,0
DA:43,0
DA:47,0
DA:49,0
DA:50,0
DA:51,0
DA:52,0
DA:53,0
DA:54,0
DA:55,0
DA:63,0
DA:65,0
LF:24
LH:0
end_of_record
TN:
SF:lib/feature/home/presentation/widgets/refresh_countries_icon_button.dart
FNF:0
FNH:0
DA:7,11
DA:9,3
DA:11,3
DA:13,1
DA:14,2
LF:5
LH:5
end_of_record
